#
# A fatal error has been detected by the Java Runtime Environment:
#
#  SIGSEGV (0xb) at pc=0x00007f0000025d80, pid=4183, tid=4212
#
# JRE version: OpenJDK Runtime Environment (11.0.12+7) (build 11.0.12+7-post-Debian-2)
# Java VM: OpenJDK 64-Bit Server VM (11.0.12+7-post-Debian-2, mixed mode, sharing, tiered, compressed oops, g1 gc, linux-amd64)
# Problematic frame:
# C  0x00007f0000025d80
#
# No core dump will be written. Core dumps have been disabled. To enable core dumping, try "ulimit -c unlimited" before starting Java again
#
# If you would like to submit a bug report, please visit:
#   https://bugs.debian.org/openjdk-11
#

---------------  S U M M A R Y ------------

Command Line: -Xmx64m -Xms64m -Dorg.gradle.appname=gradlew org.gradle.wrapper.GradleWrapperMain app:installDebug -PreactNativeDevServerPort=8081

Host: Intel(R) Core(TM) i3-2100 CPU @ 3.10GHz, 2 cores, 7G, Debian GNU/Linux 11 (bullseye)
Time: Tue Sep 28 17:32:11 2021 -03 elapsed time: 302.599304 seconds (0d 0h 5m 2s)

---------------  T H R E A D  ---------------

Current thread (0x00007f0dc8717800):  JavaThread "pool-1-thread-1" [_thread_in_Java, id=4212, stack(0x00007f0d73ccd000,0x00007f0d73dce000)]

Stack: [0x00007f0d73ccd000,0x00007f0d73dce000],  sp=0x00007f0d73dcc388,  free space=1020k
Native frames: (J=compiled Java code, A=aot compiled Java code, j=interpreted, Vv=VM code, C=native code)
C  0x00007f0000025d80
j  java.util.concurrent.ThreadPoolExecutor$Worker.run()V+5 java.base@11.0.12
j  java.lang.Thread.run()V+11 java.base@11.0.12
v  ~StubRoutines::call_stub
V  [libjvm.so+0x857991]
V  [libjvm.so+0x856066]
V  [libjvm.so+0x901add]
V  [libjvm.so+0xe0aa13]
V  [libjvm.so+0xe070fc]
V  [libjvm.so+0xbcdaae]


siginfo: si_signo: 11 (SIGSEGV), si_code: 1 (SEGV_MAPERR), si_addr: 0x00007f0000025d80

Register to memory mapping:

RAX=0x0000000840130298 is a pointer to class: 
org.gradle.internal.logging.sink.GroupingProgressLogEventGenerator$OperationGroup {0x0000000840130298}
RBX={method} {0x00007f0da1da6230} 'maybeFlushOutput' '(J)V' in 'org/gradle/internal/logging/sink/GroupingProgressLogEventGenerator$OperationGroup'
RCX=0x0 is NULL
RDX=0x0000017c2e1b94a7 is an unknown value
RSP=0x00007f0d73dcc388 is pointing into the stack for thread: 0x00007f0dc8717800
RBP=0x00007f0d73dcc950 is pointing into the stack for thread: 0x00007f0dc8717800
RSI=0x00000000fdf23b00 is an oop: org.gradle.internal.logging.sink.GroupingProgressLogEventGenerator$OperationGroup 
{0x00000000fdf23b00} - klass: 'org/gradle/internal/logging/sink/GroupingProgressLogEventGenerator$OperationGroup'
RDI=0x0000017c2e1b94a7 is an unknown value
R8 =0x0000000000000fdb is an unknown value
R9 =0x0000000000000978 is an unknown value
R10=0x00007f0dcdcf2000 points into unknown readable memory: 0x0000000000000000 | 00 00 00 00 00 00 00 00
R11=0x0 is NULL
R12=0x0 is NULL
R13=0x00000000fdf23b58 points into unknown readable memory: 0x0000000000000005 | 05 00 00 00 00 00 00 00
R14=0x00007f0d73dcc0a0 is pointing into the stack for thread: 0x00007f0dc8717800
R15=0x00007f0dc8717800 is a thread


Registers:
RAX=0x0000000840130298, RBX=0x00007f0da1da6230, RCX=0x0000000000000000, RDX=0x0000017c2e1b94a7
RSP=0x00007f0d73dcc388, RBP=0x00007f0d73dcc950, RSI=0x00000000fdf23b00, RDI=0x0000017c2e1b94a7
R8 =0x0000000000000fdb, R9 =0x0000000000000978, R10=0x00007f0dcdcf2000, R11=0x0000000000000000
R12=0x0000000000000000, R13=0x00000000fdf23b58, R14=0x00007f0d73dcc0a0, R15=0x00007f0dc8717800
RIP=0x00007f0000025d80, EFLAGS=0x0000000000010246, CSGSFS=0x002b000000000033, ERR=0x0000000000000014
  TRAPNO=0x000000000000000e

Top of Stack: (sp=0x00007f0d73dcc388)
0x00007f0d73dcc388:   00007f0db103b54c 00007f0d73dcc3d0
0x00007f0d73dcc398:   0000000000000000 0000000000001796
0x00007f0d73dcc3a8:   00007f0dc8718750 00007f0dc8718728
0x00007f0d73dcc3b8:   00007f0d00000000 0000000005f3914f 

Instructions: (pc=0x00007f0000025d80)
0x00007f0000025c80:   ?? ?? ?? ?? ?? ?? ?? ?? ?? ?? ?? ?? ?? ?? ?? ??
0x00007f0000025c90:   ?? ?? ?? ?? ?? ?? ?? ?? ?? ?? ?? ?? ?? ?? ?? ??
0x00007f0000025ca0:   ?? ?? ?? ?? ?? ?? ?? ?? ?? ?? ?? ?? ?? ?? ?? ??
0x00007f0000025cb0:   ?? ?? ?? ?? ?? ?? ?? ?? ?? ?? ?? ?? ?? ?? ?? ??
0x00007f0000025cc0:   ?? ?? ?? ?? ?? ?? ?? ?? ?? ?? ?? ?? ?? ?? ?? ??
0x00007f0000025cd0:   ?? ?? ?? ?? ?? ?? ?? ?? ?? ?? ?? ?? ?? ?? ?? ??
0x00007f0000025ce0:   ?? ?? ?? ?? ?? ?? ?? ?? ?? ?? ?? ?? ?? ?? ?? ??
0x00007f0000025cf0:   ?? ?? ?? ?? ?? ?? ?? ?? ?? ?? ?? ?? ?? ?? ?? ??
0x00007f0000025d00:   ?? ?? ?? ?? ?? ?? ?? ?? ?? ?? ?? ?? ?? ?? ?? ??
0x00007f0000025d10:   ?? ?? ?? ?? ?? ?? ?? ?? ?? ?? ?? ?? ?? ?? ?? ??
0x00007f0000025d20:   ?? ?? ?? ?? ?? ?? ?? ?? ?? ?? ?? ?? ?? ?? ?? ??
0x00007f0000025d30:   ?? ?? ?? ?? ?? ?? ?? ?? ?? ?? ?? ?? ?? ?? ?? ??
0x00007f0000025d40:   ?? ?? ?? ?? ?? ?? ?? ?? ?? ?? ?? ?? ?? ?? ?? ??
0x00007f0000025d50:   ?? ?? ?? ?? ?? ?? ?? ?? ?? ?? ?? ?? ?? ?? ?? ??
0x00007f0000025d60:   ?? ?? ?? ?? ?? ?? ?? ?? ?? ?? ?? ?? ?? ?? ?? ??
0x00007f0000025d70:   ?? ?? ?? ?? ?? ?? ?? ?? ?? ?? ?? ?? ?? ?? ?? ??
0x00007f0000025d80:   ?? ?? ?? ?? ?? ?? ?? ?? ?? ?? ?? ?? ?? ?? ?? ??
0x00007f0000025d90:   ?? ?? ?? ?? ?? ?? ?? ?? ?? ?? ?? ?? ?? ?? ?? ??
0x00007f0000025da0:   ?? ?? ?? ?? ?? ?? ?? ?? ?? ?? ?? ?? ?? ?? ?? ??
0x00007f0000025db0:   ?? ?? ?? ?? ?? ?? ?? ?? ?? ?? ?? ?? ?? ?? ?? ??
0x00007f0000025dc0:   ?? ?? ?? ?? ?? ?? ?? ?? ?? ?? ?? ?? ?? ?? ?? ??
0x00007f0000025dd0:   ?? ?? ?? ?? ?? ?? ?? ?? ?? ?? ?? ?? ?? ?? ?? ??
0x00007f0000025de0:   ?? ?? ?? ?? ?? ?? ?? ?? ?? ?? ?? ?? ?? ?? ?? ??
0x00007f0000025df0:   ?? ?? ?? ?? ?? ?? ?? ?? ?? ?? ?? ?? ?? ?? ?? ??
0x00007f0000025e00:   ?? ?? ?? ?? ?? ?? ?? ?? ?? ?? ?? ?? ?? ?? ?? ??
0x00007f0000025e10:   ?? ?? ?? ?? ?? ?? ?? ?? ?? ?? ?? ?? ?? ?? ?? ??
0x00007f0000025e20:   ?? ?? ?? ?? ?? ?? ?? ?? ?? ?? ?? ?? ?? ?? ?? ??
0x00007f0000025e30:   ?? ?? ?? ?? ?? ?? ?? ?? ?? ?? ?? ?? ?? ?? ?? ??
0x00007f0000025e40:   ?? ?? ?? ?? ?? ?? ?? ?? ?? ?? ?? ?? ?? ?? ?? ??
0x00007f0000025e50:   ?? ?? ?? ?? ?? ?? ?? ?? ?? ?? ?? ?? ?? ?? ?? ??
0x00007f0000025e60:   ?? ?? ?? ?? ?? ?? ?? ?? ?? ?? ?? ?? ?? ?? ?? ??
0x00007f0000025e70:   ?? ?? ?? ?? ?? ?? ?? ?? ?? ?? ?? ?? ?? ?? ?? ?? 


Stack slot to memory mapping:
stack at sp + 0 slots: 0x00007f0db103b54c is at entry_point+1196 in (nmethod*)0x00007f0db103ae90

[timeout occurred during error reporting in step "inspecting top of stack"] after 30 s.

---------------  P R O C E S S  ---------------

Threads class SMR info:
_java_thread_list=0x00007f0dc8859f90, length=12, elements={
0x00007f0dc8016000, 0x00007f0dc809b800, 0x00007f0dc809e000, 0x00007f0dc80a3800,
0x00007f0dc80a5800, 0x00007f0dc80a7800, 0x00007f0dc80a9800, 0x00007f0dc80ab800,
0x00007f0dc80e6800, 0x00007f0dc8717800, 0x00007f0dc8856800, 0x00007f0dc8859000
}

Java Threads: ( => current thread )
  0x00007f0dc8016000 JavaThread "main" [_thread_in_native, id=4195, stack(0x00007f0dcc419000,0x00007f0dcc51a000)]
  0x00007f0dc809b800 JavaThread "Reference Handler" daemon [_thread_blocked, id=4202, stack(0x00007f0da131d000,0x00007f0da141e000)]
  0x00007f0dc809e000 JavaThread "Finalizer" daemon [_thread_blocked, id=4203, stack(0x00007f0da121c000,0x00007f0da131d000)]
  0x00007f0dc80a3800 JavaThread "Signal Dispatcher" daemon [_thread_blocked, id=4204, stack(0x00007f0da0e33000,0x00007f0da0f34000)]
  0x00007f0dc80a5800 JavaThread "Service Thread" daemon [_thread_blocked, id=4205, stack(0x00007f0da0d32000,0x00007f0da0e33000)]
  0x00007f0dc80a7800 JavaThread "C2 CompilerThread0" daemon [_thread_blocked, id=4206, stack(0x00007f0da0c31000,0x00007f0da0d32000)]
  0x00007f0dc80a9800 JavaThread "C1 CompilerThread0" daemon [_thread_blocked, id=4207, stack(0x00007f0da0b30000,0x00007f0da0c31000)]
  0x00007f0dc80ab800 JavaThread "Sweeper thread" daemon [_thread_blocked, id=4208, stack(0x00007f0da0a2f000,0x00007f0da0b30000)]
  0x00007f0dc80e6800 JavaThread "Common-Cleaner" daemon [_thread_blocked, id=4210, stack(0x00007f0da082c000,0x00007f0da092d000)]
=>0x00007f0dc8717800 JavaThread "pool-1-thread-1" [_thread_in_Java, id=4212, stack(0x00007f0d73ccd000,0x00007f0d73dce000)]
  0x00007f0dc8856800 JavaThread "DisconnectableInputStream source reader" daemon [_thread_in_native, id=4216, stack(0x00007f0d73bcc000,0x00007f0d73ccd000)]
  0x00007f0dc8859000 JavaThread "Forward input" [_thread_blocked, id=4218, stack(0x00007f0d73acb000,0x00007f0d73bcc000)]

Other Threads:
  0x00007f0dc8099000 VMThread "VM Thread" [stack: 0x00007f0da1420000,0x00007f0da1520000] [id=4201] _threads_hazard_ptr=0x00007f0dc8859f90
  0x00007f0dc80e4000 WatcherThread [stack: 0x00007f0da092f000,0x00007f0da0a2f000] [id=4209]
  0x00007f0dc802d800 GCTaskThread "GC Thread#0" [stack: 0x00007f0dcc0c9000,0x00007f0dcc1c9000] [id=4196]
  0x00007f0d98001000 GCTaskThread "GC Thread#1" [stack: 0x00007f0da06fb000,0x00007f0da07fb000] [id=4211]
  0x00007f0dc8034000 ConcurrentGCThread "G1 Main Marker" [stack: 0x00007f0db035d000,0x00007f0db045d000] [id=4197]
  0x00007f0dc8036000 ConcurrentGCThread "G1 Conc#0" [stack: 0x00007f0db025b000,0x00007f0db035b000] [id=4198]
  0x00007f0dc8071000 ConcurrentGCThread "G1 Refine#0" [stack: 0x00007f0da1f00000,0x00007f0da2000000] [id=4199]
  0x00007f0dc8073000 ConcurrentGCThread "G1 Young RemSet Sampling" [stack: 0x00007f0da1dfe000,0x00007f0da1efe000] [id=4200]

Threads with active compile tasks:

VM state:synchronizing (normal execution)

VM Mutex/Monitor currently owned by a thread:  ([mutex/lock_event])
[0x00007f0dc80129e0] Safepoint_lock - owner thread: 0x00007f0dc8099000
[0x00007f0dc8012a70] Threads_lock - owner thread: 0x00007f0dc8099000

Heap address: 0x00000000fc000000, size: 64 MB, Compressed Oops mode: 32-bit
Narrow klass base: 0x0000000800000000, Narrow klass shift: 3
Compressed class space size: 1073741824 Address: 0x0000000840000000

Heap:
 garbage-first heap   total 65536K, used 41809K [0x00000000fc000000, 0x0000000100000000)
  region size 1024K, 35 young (35840K), 1 survivors (1024K)
 Metaspace       used 8354K, capacity 9395K, committed 9728K, reserved 1058816K
  class space    used 1117K, capacity 1241K, committed 1280K, reserved 1048576K
Heap Regions: E=young(eden), S=young(survivor), O=old, HS=humongous(starts), HC=humongous(continues), CS=collection set, F=free, A=archive, TAMS=top-at-mark-start (previous, next)
|   0|0x00000000fc000000, 0x00000000fc022600, 0x00000000fc100000| 13%| O|  |TAMS 0x00000000fc000000, 0x00000000fc000000| Untracked 
|   1|0x00000000fc100000, 0x00000000fc200000, 0x00000000fc200000|100%|HS|  |TAMS 0x00000000fc100000, 0x00000000fc100000| Complete 
|   2|0x00000000fc200000, 0x00000000fc300000, 0x00000000fc300000|100%|HC|  |TAMS 0x00000000fc200000, 0x00000000fc200000| Complete 
|   3|0x00000000fc300000, 0x00000000fc400000, 0x00000000fc400000|100%|HC|  |TAMS 0x00000000fc300000, 0x00000000fc300000| Complete 
|   4|0x00000000fc400000, 0x00000000fc500000, 0x00000000fc500000|100%|HS|  |TAMS 0x00000000fc400000, 0x00000000fc400000| Complete 
|   5|0x00000000fc500000, 0x00000000fc600000, 0x00000000fc600000|100%|HC|  |TAMS 0x00000000fc500000, 0x00000000fc500000| Complete 
|   6|0x00000000fc600000, 0x00000000fc700000, 0x00000000fc700000|100%|HC|  |TAMS 0x00000000fc600000, 0x00000000fc600000| Complete 
|   7|0x00000000fc700000, 0x00000000fc700000, 0x00000000fc800000|  0%| F|  |TAMS 0x00000000fc700000, 0x00000000fc700000| Untracked 
|   8|0x00000000fc800000, 0x00000000fc800000, 0x00000000fc900000|  0%| F|  |TAMS 0x00000000fc800000, 0x00000000fc800000| Untracked 
|   9|0x00000000fc900000, 0x00000000fc900000, 0x00000000fca00000|  0%| F|  |TAMS 0x00000000fc900000, 0x00000000fc900000| Untracked 
|  10|0x00000000fca00000, 0x00000000fca00000, 0x00000000fcb00000|  0%| F|  |TAMS 0x00000000fca00000, 0x00000000fca00000| Untracked 
|  11|0x00000000fcb00000, 0x00000000fcb00000, 0x00000000fcc00000|  0%| F|  |TAMS 0x00000000fcb00000, 0x00000000fcb00000| Untracked 
|  12|0x00000000fcc00000, 0x00000000fcc00000, 0x00000000fcd00000|  0%| F|  |TAMS 0x00000000fcc00000, 0x00000000fcc00000| Untracked 
|  13|0x00000000fcd00000, 0x00000000fcd00000, 0x00000000fce00000|  0%| F|  |TAMS 0x00000000fcd00000, 0x00000000fcd00000| Untracked 
|  14|0x00000000fce00000, 0x00000000fce00000, 0x00000000fcf00000|  0%| F|  |TAMS 0x00000000fce00000, 0x00000000fce00000| Untracked 
|  15|0x00000000fcf00000, 0x00000000fcf00000, 0x00000000fd000000|  0%| F|  |TAMS 0x00000000fcf00000, 0x00000000fcf00000| Untracked 
|  16|0x00000000fd000000, 0x00000000fd000000, 0x00000000fd100000|  0%| F|  |TAMS 0x00000000fd000000, 0x00000000fd000000| Untracked 
|  17|0x00000000fd100000, 0x00000000fd100000, 0x00000000fd200000|  0%| F|  |TAMS 0x00000000fd100000, 0x00000000fd100000| Untracked 
|  18|0x00000000fd200000, 0x00000000fd200000, 0x00000000fd300000|  0%| F|  |TAMS 0x00000000fd200000, 0x00000000fd200000| Untracked 
|  19|0x00000000fd300000, 0x00000000fd300000, 0x00000000fd400000|  0%| F|  |TAMS 0x00000000fd300000, 0x00000000fd300000| Untracked 
|  20|0x00000000fd400000, 0x00000000fd400000, 0x00000000fd500000|  0%| F|  |TAMS 0x00000000fd400000, 0x00000000fd400000| Untracked 
|  21|0x00000000fd500000, 0x00000000fd500000, 0x00000000fd600000|  0%| F|  |TAMS 0x00000000fd500000, 0x00000000fd500000| Untracked 
|  22|0x00000000fd600000, 0x00000000fd600000, 0x00000000fd700000|  0%| F|  |TAMS 0x00000000fd600000, 0x00000000fd600000| Untracked 
|  23|0x00000000fd700000, 0x00000000fd700000, 0x00000000fd800000|  0%| F|  |TAMS 0x00000000fd700000, 0x00000000fd700000| Untracked 
|  24|0x00000000fd800000, 0x00000000fd800000, 0x00000000fd900000|  0%| F|  |TAMS 0x00000000fd800000, 0x00000000fd800000| Untracked 
|  25|0x00000000fd900000, 0x00000000fd900000, 0x00000000fda00000|  0%| F|  |TAMS 0x00000000fd900000, 0x00000000fd900000| Untracked 
|  26|0x00000000fda00000, 0x00000000fda00000, 0x00000000fdb00000|  0%| F|  |TAMS 0x00000000fda00000, 0x00000000fda00000| Untracked 
|  27|0x00000000fdb00000, 0x00000000fdb5f3a0, 0x00000000fdc00000| 37%| E|  |TAMS 0x00000000fdb00000, 0x00000000fdb00000| Complete 
|  28|0x00000000fdc00000, 0x00000000fdd00000, 0x00000000fdd00000|100%| E|CS|TAMS 0x00000000fdc00000, 0x00000000fdc00000| Complete 
|  29|0x00000000fdd00000, 0x00000000fde00000, 0x00000000fde00000|100%| E|CS|TAMS 0x00000000fdd00000, 0x00000000fdd00000| Complete 
|  30|0x00000000fde00000, 0x00000000fdf00000, 0x00000000fdf00000|100%| E|CS|TAMS 0x00000000fde00000, 0x00000000fde00000| Complete 
|  31|0x00000000fdf00000, 0x00000000fe000000, 0x00000000fe000000|100%| E|CS|TAMS 0x00000000fdf00000, 0x00000000fdf00000| Complete 
|  32|0x00000000fe000000, 0x00000000fe100000, 0x00000000fe100000|100%| E|CS|TAMS 0x00000000fe000000, 0x00000000fe000000| Complete 
|  33|0x00000000fe100000, 0x00000000fe200000, 0x00000000fe200000|100%| E|CS|TAMS 0x00000000fe100000, 0x00000000fe100000| Complete 
|  34|0x00000000fe200000, 0x00000000fe300000, 0x00000000fe300000|100%| E|CS|TAMS 0x00000000fe200000, 0x00000000fe200000| Complete 
|  35|0x00000000fe300000, 0x00000000fe400000, 0x00000000fe400000|100%| E|CS|TAMS 0x00000000fe300000, 0x00000000fe300000| Complete 
|  36|0x00000000fe400000, 0x00000000fe500000, 0x00000000fe500000|100%| E|CS|TAMS 0x00000000fe400000, 0x00000000fe400000| Complete 
|  37|0x00000000fe500000, 0x00000000fe600000, 0x00000000fe600000|100%| E|CS|TAMS 0x00000000fe500000, 0x00000000fe500000| Complete 
|  38|0x00000000fe600000, 0x00000000fe700000, 0x00000000fe700000|100%| E|CS|TAMS 0x00000000fe600000, 0x00000000fe600000| Complete 
|  39|0x00000000fe700000, 0x00000000fe800000, 0x00000000fe800000|100%| E|CS|TAMS 0x00000000fe700000, 0x00000000fe700000| Complete 
|  40|0x00000000fe800000, 0x00000000fe900000, 0x00000000fe900000|100%| E|CS|TAMS 0x00000000fe800000, 0x00000000fe800000| Complete 
|  41|0x00000000fe900000, 0x00000000fea00000, 0x00000000fea00000|100%| E|CS|TAMS 0x00000000fe900000, 0x00000000fe900000| Complete 
|  42|0x00000000fea00000, 0x00000000feb00000, 0x00000000feb00000|100%| E|CS|TAMS 0x00000000fea00000, 0x00000000fea00000| Complete 
|  43|0x00000000feb00000, 0x00000000fec00000, 0x00000000fec00000|100%| E|CS|TAMS 0x00000000feb00000, 0x00000000feb00000| Complete 
|  44|0x00000000fec00000, 0x00000000fed00000, 0x00000000fed00000|100%| E|CS|TAMS 0x00000000fec00000, 0x00000000fec00000| Complete 
|  45|0x00000000fed00000, 0x00000000fee00000, 0x00000000fee00000|100%| E|CS|TAMS 0x00000000fed00000, 0x00000000fed00000| Complete 
|  46|0x00000000fee00000, 0x00000000fef00000, 0x00000000fef00000|100%| E|CS|TAMS 0x00000000fee00000, 0x00000000fee00000| Complete 
|  47|0x00000000fef00000, 0x00000000ff000000, 0x00000000ff000000|100%| E|CS|TAMS 0x00000000fef00000, 0x00000000fef00000| Complete 
|  48|0x00000000ff000000, 0x00000000ff100000, 0x00000000ff100000|100%| E|CS|TAMS 0x00000000ff000000, 0x00000000ff000000| Complete 
|  49|0x00000000ff100000, 0x00000000ff200000, 0x00000000ff200000|100%| E|CS|TAMS 0x00000000ff100000, 0x00000000ff100000| Complete 
|  50|0x00000000ff200000, 0x00000000ff300000, 0x00000000ff300000|100%| E|CS|TAMS 0x00000000ff200000, 0x00000000ff200000| Complete 
|  51|0x00000000ff300000, 0x00000000ff400000, 0x00000000ff400000|100%| E|CS|TAMS 0x00000000ff300000, 0x00000000ff300000| Complete 
|  52|0x00000000ff400000, 0x00000000ff500000, 0x00000000ff500000|100%| E|CS|TAMS 0x00000000ff400000, 0x00000000ff400000| Complete 
|  53|0x00000000ff500000, 0x00000000ff600000, 0x00000000ff600000|100%| E|CS|TAMS 0x00000000ff500000, 0x00000000ff500000| Complete 
|  54|0x00000000ff600000, 0x00000000ff700000, 0x00000000ff700000|100%| S|CS|TAMS 0x00000000ff600000, 0x00000000ff600000| Complete 
|  55|0x00000000ff700000, 0x00000000ff800000, 0x00000000ff800000|100%| E|CS|TAMS 0x00000000ff700000, 0x00000000ff700000| Complete 
|  56|0x00000000ff800000, 0x00000000ff900000, 0x00000000ff900000|100%| E|CS|TAMS 0x00000000ff800000, 0x00000000ff800000| Complete 
|  57|0x00000000ff900000, 0x00000000ffa00000, 0x00000000ffa00000|100%| E|CS|TAMS 0x00000000ff900000, 0x00000000ff900000| Complete 
|  58|0x00000000ffa00000, 0x00000000ffb00000, 0x00000000ffb00000|100%| E|CS|TAMS 0x00000000ffa00000, 0x00000000ffa00000| Complete 
|  59|0x00000000ffb00000, 0x00000000ffc00000, 0x00000000ffc00000|100%| E|CS|TAMS 0x00000000ffb00000, 0x00000000ffb00000| Complete 
|  60|0x00000000ffc00000, 0x00000000ffd00000, 0x00000000ffd00000|100%| E|CS|TAMS 0x00000000ffc00000, 0x00000000ffc00000| Complete 
|  61|0x00000000ffd00000, 0x00000000ffe00000, 0x00000000ffe00000|100%| E|CS|TAMS 0x00000000ffd00000, 0x00000000ffd00000| Complete 
|  62|0x00000000ffe00000, 0x00000000ffe47000, 0x00000000fff00000| 27%|OA|  |TAMS 0x00000000ffe00000, 0x00000000ffe00000| Untracked 
|  63|0x00000000fff00000, 0x00000000fff6b000, 0x0000000100000000| 41%|CA|  |TAMS 0x00000000fff00000, 0x00000000fff00000| Untracked 

Card table byte_map: [0x00007f0dcc087000,0x00007f0dcc0a7000] _byte_map_base: 0x00007f0dcb8a7000

Marking Bits (Prev, Next): (CMBitMap*) 0x00007f0dc8032ed8, (CMBitMap*) 0x00007f0dc8032f10
 Prev Bits: [0x00007f0db055d000, 0x00007f0db065d000)
 Next Bits: [0x00007f0db045d000, 0x00007f0db055d000)

Polling page: 0x00007f0dcdcf1000

Metaspace:

Usage:
  Non-class:      7,96 MB capacity,     7,07 MB ( 89%) used,   903,09 KB ( 11%) free+waste,    14,62 KB ( <1%) overhead. 
      Class:      1,21 MB capacity,     1,09 MB ( 90%) used,   114,94 KB (  9%) free+waste,     8,25 KB ( <1%) overhead. 
       Both:      9,17 MB capacity,     8,16 MB ( 89%) used,  1018,03 KB ( 11%) free+waste,    22,88 KB ( <1%) overhead. 

Virtual space:
  Non-class space:       10,00 MB reserved,       8,25 MB ( 82%) committed 
      Class space:        1,00 GB reserved,       1,25 MB ( <1%) committed 
             Both:        1,01 GB reserved,       9,50 MB ( <1%) committed 

Chunk freelists:
   Non-Class:  122,00 KB
       Class:  7,00 KB
        Both:  129,00 KB

MaxMetaspaceSize: unlimited
CompressedClassSpaceSize: 1,00 GB
Initial GC threshold: 20,80 MB
Current GC threshold: 20,80 MB
CDS: on

CodeHeap 'non-profiled nmethods': size=120036Kb used=439Kb max_used=439Kb free=119596Kb
 bounds [0x00007f0db8326000, 0x00007f0db8596000, 0x00007f0dbf85f000]
CodeHeap 'profiled nmethods': size=120032Kb used=2651Kb max_used=2651Kb free=117380Kb
 bounds [0x00007f0db0dee000, 0x00007f0db108e000, 0x00007f0db8326000]
CodeHeap 'non-nmethods': size=5692Kb used=1153Kb max_used=1166Kb free=4539Kb
 bounds [0x00007f0db085f000, 0x00007f0db0acf000, 0x00007f0db0dee000]
 total_blobs=1819 nmethods=1408 adapters=325
 compilation: enabled
              stopped_count=0, restarted_count=0
 full_count=0

Compilation events (20 events):
Event: 245,979 Thread 0x00007f0dc80a7800 1399       4       java.util.Collections$SingletonList::get (41 bytes)
Event: 245,980 Thread 0x00007f0dc80a7800 nmethod 1399 0x00007f0db8390890 code [0x00007f0db8390a20, 0x00007f0db8390ab8]
Event: 269,079 Thread 0x00007f0dc80a7800 1400       4       java.util.concurrent.TimeUnit::toNanos (45 bytes)
Event: 269,080 Thread 0x00007f0dc80a7800 nmethod 1400 0x00007f0db8390b90 code [0x00007f0db8390d20, 0x00007f0db8390dd8]
Event: 269,180 Thread 0x00007f0dc80a7800 1401       4       java.util.concurrent.locks.ReentrantLock$Sync::isHeldExclusively (16 bytes)
Event: 269,180 Thread 0x00007f0dc80a7800 nmethod 1401 0x00007f0db8390e90 code [0x00007f0db8391020, 0x00007f0db83910b8]
Event: 269,280 Thread 0x00007f0dc80a7800 1402       4       java.util.concurrent.TimeUnit::convert (77 bytes)
Event: 269,281 Thread 0x00007f0dc80a7800 nmethod 1402 0x00007f0db8391190 code [0x00007f0db8391320, 0x00007f0db8391438]
Event: 272,179 Thread 0x00007f0dc80a7800 1403       4       java.util.AbstractList::equals (117 bytes)
Event: 272,193 Thread 0x00007f0dc80a7800 nmethod 1403 0x00007f0db8391590 code [0x00007f0db83917c0, 0x00007f0db8391fb8]
Event: 278,880 Thread 0x00007f0dc80a9800 1404       3       com.google.common.collect.CollectPreconditions::checkNonnegative (37 bytes)
Event: 278,880 Thread 0x00007f0dc80a9800 nmethod 1404 0x00007f0db1083a10 code [0x00007f0db1083c20, 0x00007f0db1083f70]
Event: 279,880 Thread 0x00007f0dc80a9800 1405       3       java.util.ArrayList::equalsArrayList (108 bytes)
Event: 279,880 Thread 0x00007f0dc80a9800 nmethod 1405 0x00007f0db1084110 code [0x00007f0db1084340, 0x00007f0db1084ac0]
Event: 285,880 Thread 0x00007f0dc80a7800 1406       4       java.util.ArrayDeque$DeqIterator::hasNext (13 bytes)
Event: 285,880 Thread 0x00007f0dc80a7800 nmethod 1406 0x00007f0db8392790 code [0x00007f0db8392920, 0x00007f0db8392998]
Event: 299,279 Thread 0x00007f0dc80a7800 1407       4       java.lang.Long::stringSize (55 bytes)
Event: 299,282 Thread 0x00007f0dc80a7800 nmethod 1407 0x00007f0db8392a90 code [0x00007f0db8392c20, 0x00007f0db8392dd8]
Event: 299,379 Thread 0x00007f0dc80a7800 1408       4       java.lang.AbstractStringBuilder::append (60 bytes)
Event: 299,393 Thread 0x00007f0dc80a7800 nmethod 1408 0x00007f0db8392e90 code [0x00007f0db8393040, 0x00007f0db8393898]

GC Heap History (2 events):
Event: 0,198 GC heap before
{Heap before GC invocations=0 (full 0):
 garbage-first heap   total 65536K, used 6856K [0x00000000fc000000, 0x0000000100000000)
  region size 1024K, 7 young (7168K), 0 survivors (0K)
 Metaspace       used 1508K, capacity 4961K, committed 5120K, reserved 1056768K
  class space    used 159K, capacity 482K, committed 512K, reserved 1048576K
}
Event: 0,204 GC heap after
{Heap after GC invocations=1 (full 0):
 garbage-first heap   total 65536K, used 1873K [0x00000000fc000000, 0x0000000100000000)
  region size 1024K, 1 young (1024K), 1 survivors (1024K)
 Metaspace       used 1508K, capacity 4961K, committed 5120K, reserved 1056768K
  class space    used 159K, capacity 482K, committed 512K, reserved 1048576K
}

Deoptimization events (20 events):
Event: 0,741 Thread 0x00007f0dc8016000 DEOPT PACKING pc=0x00007f0db835a81c sp=0x00007f0dcc515150
Event: 0,741 Thread 0x00007f0dc8016000 DEOPT UNPACKING pc=0x00007f0db08a8ea5 sp=0x00007f0dcc515070 mode 2
Event: 0,763 Thread 0x00007f0dc8016000 DEOPT PACKING pc=0x00007f0db0e52308 sp=0x00007f0dcc514990
Event: 0,763 Thread 0x00007f0dc8016000 DEOPT UNPACKING pc=0x00007f0db08a964a sp=0x00007f0dcc513e00 mode 0
Event: 3,280 Thread 0x00007f0dc8717800 Uncommon trap: trap_request=0xffffffc6 fr.pc=0x00007f0db8357fa0 relative=0x00000000000003c0
Event: 3,280 Thread 0x00007f0dc8717800 Uncommon trap: reason=bimorphic_or_optimized_type_check action=maybe_recompile pc=0x00007f0db8357fa0 method=java.util.HashMap.getNode(ILjava/lang/Object;)Ljava/util/HashMap$Node; @ 126 c2
Event: 3,280 Thread 0x00007f0dc8717800 DEOPT PACKING pc=0x00007f0db8357fa0 sp=0x00007f0d73dcc3b0
Event: 3,280 Thread 0x00007f0dc8717800 DEOPT UNPACKING pc=0x00007f0db08a8ea5 sp=0x00007f0d73dcc348 mode 2
Event: 5,280 Thread 0x00007f0dc8717800 Uncommon trap: trap_request=0xffffffc6 fr.pc=0x00007f0db8357fa0 relative=0x00000000000003c0
Event: 5,280 Thread 0x00007f0dc8717800 Uncommon trap: reason=bimorphic_or_optimized_type_check action=maybe_recompile pc=0x00007f0db8357fa0 method=java.util.HashMap.getNode(ILjava/lang/Object;)Ljava/util/HashMap$Node; @ 126 c2
Event: 5,280 Thread 0x00007f0dc8717800 DEOPT PACKING pc=0x00007f0db8357fa0 sp=0x00007f0d73dcc3b0
Event: 5,280 Thread 0x00007f0dc8717800 DEOPT UNPACKING pc=0x00007f0db08a8ea5 sp=0x00007f0d73dcc348 mode 2
Event: 10,080 Thread 0x00007f0dc8717800 Uncommon trap: trap_request=0xffffffc6 fr.pc=0x00007f0db8357fa0 relative=0x00000000000003c0
Event: 10,080 Thread 0x00007f0dc8717800 Uncommon trap: reason=bimorphic_or_optimized_type_check action=maybe_recompile pc=0x00007f0db8357fa0 method=java.util.HashMap.getNode(ILjava/lang/Object;)Ljava/util/HashMap$Node; @ 126 c2
Event: 10,080 Thread 0x00007f0dc8717800 DEOPT PACKING pc=0x00007f0db8357fa0 sp=0x00007f0d73dcc3b0
Event: 10,080 Thread 0x00007f0dc8717800 DEOPT UNPACKING pc=0x00007f0db08a8ea5 sp=0x00007f0d73dcc348 mode 2
Event: 16,480 Thread 0x00007f0dc8717800 Uncommon trap: trap_request=0xffffffc6 fr.pc=0x00007f0db8357fa0 relative=0x00000000000003c0
Event: 16,480 Thread 0x00007f0dc8717800 Uncommon trap: reason=bimorphic_or_optimized_type_check action=maybe_recompile pc=0x00007f0db8357fa0 method=java.util.HashMap.getNode(ILjava/lang/Object;)Ljava/util/HashMap$Node; @ 126 c2
Event: 16,480 Thread 0x00007f0dc8717800 DEOPT PACKING pc=0x00007f0db8357fa0 sp=0x00007f0d73dcc380
Event: 16,480 Thread 0x00007f0dc8717800 DEOPT UNPACKING pc=0x00007f0db08a8ea5 sp=0x00007f0d73dcc318 mode 2

Classes redefined (0 events):
No events

Internal exceptions (10 events):
Event: 0,147 Thread 0x00007f0dc8016000 Exception <a 'java/lang/NoSuchMethodError'{0x00000000ffb9d528}: 'int java.lang.invoke.DirectMethodHandle$Holder.invokeStaticInit(java.lang.Object, java.lang.Object)'> (0x00000000ffb9d528) thrown at [./src/hotspot/share/interpreter/linkResolver.cpp, line 772]
Event: 0,166 Thread 0x00007f0dc8016000 Exception <a 'java/lang/NoSuchMethodError'{0x00000000ffa6a118}: 'int java.lang.invoke.DirectMethodHandle$Holder.invokeSpecial(java.lang.Object, java.lang.Object, java.lang.Object, java.lang.Object)'> (0x00000000ffa6a118) thrown at [./src/hotspot/share/interpreter/linkResolver.cpp, line 772]
Event: 0,171 Thread 0x00007f0dc8016000 Exception <a 'java/lang/NoSuchMethodError'{0x00000000ffa9cfa0}: 'int java.lang.invoke.DirectMethodHandle$Holder.invokeSpecialIFC(java.lang.Object, java.lang.Object, int)'> (0x00000000ffa9cfa0) thrown at [./src/hotspot/share/interpreter/linkResolver.cpp, line 772]
Event: 0,510 Thread 0x00007f0dc8016000 Exception <a 'java/lang/NoClassDefFoundError'{0x00000000ff14e140}: org/slf4j/impl/StaticMarkerBinder> (0x00000000ff14e140) thrown at [./src/hotspot/share/classfile/systemDictionary.cpp, line 220]
Event: 0,525 Thread 0x00007f0dc8016000 Exception <a 'java/lang/NoSuchMethodError'{0x00000000ff1e8f90}: 'java.lang.Object java.lang.invoke.DirectMethodHandle$Holder.invokeVirtual(java.lang.Object, java.lang.Object, java.lang.Object, java.lang.Object, java.lang.Object, java.lang.Object)'> (0x00000000ff1e8f90) thrown at [./src/hotspot/share/interpreter/linkResolver.cpp, line 772]
Event: 0,554 Thread 0x00007f0dc8016000 Exception <a 'java/lang/UnsatisfiedLinkError'{0x00000000fef75db0}> (0x00000000fef75db0) thrown at [./src/hotspot/share/prims/jvm.cpp, line 3466]
Event: 0,554 Thread 0x00007f0dc8016000 Exception <a 'java/lang/UnsatisfiedLinkError'{0x00000000fef75db0}> (0x00000000fef75db0) thrown at [./src/hotspot/share/prims/jni.cpp, line 615]
Event: 0,603 Thread 0x00007f0dc8016000 Exception <a 'java/lang/NoSuchMethodError'{0x00000000feb1c498}: 'void java.lang.invoke.DelegatingMethodHandle$Holder.delegate(java.lang.Object, java.lang.Object, int, java.lang.Object)'> (0x00000000feb1c498) thrown at [./src/hotspot/share/interpreter/linkResolver.cpp, line 772]
Event: 0,625 Thread 0x00007f0dc8016000 Exception <a 'java/lang/NoSuchMethodError'{0x00000000feab78f8}: 'java.lang.Object java.lang.invoke.DirectMethodHandle$Holder.invokeInterface(java.lang.Object, java.lang.Object, java.lang.Object)'> (0x00000000feab78f8) thrown at [./src/hotspot/share/interpreter/linkResolver.cpp, line 772]
Event: 0,663 Thread 0x00007f0dc8016000 Exception <a 'java/lang/NoSuchMethodError'{0x00000000fe8cf028}: 'java.lang.Object java.lang.invoke.DirectMethodHandle$Holder.invokeStaticInit(java.lang.Object, java.lang.Object, java.lang.Object)'> (0x00000000fe8cf028) thrown at [./src/hotspot/share/interpreter/linkResolver.cpp, line 772]

Events (20 events):
Event: 3,385 loading class java/io/ObjectInputFilter$Config
Event: 3,385 loading class java/io/ObjectInputFilter$Config done
Event: 3,385 loading class java/io/ObjectInputFilter
Event: 3,385 loading class java/io/ObjectInputFilter done
Event: 3,386 loading class jdk/internal/misc/JavaObjectInputFilterAccess
Event: 3,386 loading class jdk/internal/misc/JavaObjectInputFilterAccess done
Event: 3,386 loading class java/io/Bits
Event: 3,386 loading class java/io/Bits done
Event: 3,386 loading class org/gradle/internal/serialize/ExceptionReplacingObjectInputStream$1
Event: 3,386 loading class org/gradle/internal/serialize/ExceptionReplacingObjectInputStream$1 done
Event: 3,480 loading class org/gradle/internal/logging/text/AbstractLineChoppingStyledTextOutput$StateContext
Event: 3,480 loading class org/gradle/internal/logging/text/AbstractLineChoppingStyledTextOutput$StateContext done
Event: 3,481 loading class org/gradle/internal/logging/console/DefaultTextArea$2
Event: 3,481 loading class org/gradle/internal/logging/console/DefaultTextArea$2 done
Event: 3,481 loading class org/gradle/internal/logging/console/DefaultTextArea$2$1
Event: 3,481 loading class org/gradle/internal/logging/console/DefaultTextArea$2$1 done
Event: 25,680 loading class com/google/common/base/Objects
Event: 25,680 loading class com/google/common/base/Objects done
Event: 25,680 loading class com/google/common/base/ExtraObjectsMethodsForWeb
Event: 25,680 loading class com/google/common/base/ExtraObjectsMethodsForWeb done


Dynamic libraries:
fc000000-ffe00000 rw-p 00000000 00:00 0 
ffe00000-ffe47000 rw-p 01113000 08:03 7579502                            /usr/lib/jvm/java-11-openjdk-amd64/lib/server/classes.jsa
ffe47000-fff00000 rw-p 00000000 00:00 0 
fff00000-fff6b000 rw-p 010a8000 08:03 7579502                            /usr/lib/jvm/java-11-openjdk-amd64/lib/server/classes.jsa
fff6b000-100000000 rw-p 00000000 00:00 0 
800000000-800002000 rwxp 00001000 08:03 7579502                          /usr/lib/jvm/java-11-openjdk-amd64/lib/server/classes.jsa
800002000-8003b9000 rw-p 00003000 08:03 7579502                          /usr/lib/jvm/java-11-openjdk-amd64/lib/server/classes.jsa
8003b9000-800a97000 r--p 003ba000 08:03 7579502                          /usr/lib/jvm/java-11-openjdk-amd64/lib/server/classes.jsa
800a97000-800a98000 rw-p 00a98000 08:03 7579502                          /usr/lib/jvm/java-11-openjdk-amd64/lib/server/classes.jsa
800a98000-8010a7000 r--p 00a99000 08:03 7579502                          /usr/lib/jvm/java-11-openjdk-amd64/lib/server/classes.jsa
840000000-840140000 rw-p 00000000 00:00 0 
840140000-880000000 ---p 00000000 00:00 0 
558549575000-558549576000 r--p 00000000 08:03 7054779                    /usr/lib/jvm/java-11-openjdk-amd64/bin/java
558549576000-558549577000 r-xp 00001000 08:03 7054779                    /usr/lib/jvm/java-11-openjdk-amd64/bin/java
558549577000-558549578000 r--p 00002000 08:03 7054779                    /usr/lib/jvm/java-11-openjdk-amd64/bin/java
558549578000-558549579000 r--p 00002000 08:03 7054779                    /usr/lib/jvm/java-11-openjdk-amd64/bin/java
558549579000-55854957a000 rw-p 00003000 08:03 7054779                    /usr/lib/jvm/java-11-openjdk-amd64/bin/java
55854a06c000-55854a08d000 rw-p 00000000 00:00 0                          [heap]
7f0d738cb000-7f0d7390b000 rw-p 00000000 00:00 0 
7f0d7390b000-7f0d73acb000 ---p 00000000 00:00 0 
7f0d73acb000-7f0d73acf000 ---p 00000000 00:00 0 
7f0d73acf000-7f0d73bcc000 rw-p 00000000 00:00 0 
7f0d73bcc000-7f0d73bd0000 ---p 00000000 00:00 0 
7f0d73bd0000-7f0d73ccd000 rw-p 00000000 00:00 0 
7f0d73ccd000-7f0d73cd1000 ---p 00000000 00:00 0 
7f0d73cd1000-7f0d73dce000 rw-p 00000000 00:00 0 
7f0d73dce000-7f0d73dd1000 r-xp 00000000 08:03 787548                     /root/.gradle/native/jansi/1.18/linux64/libjansi.so
7f0d73dd1000-7f0d73fd0000 ---p 00003000 08:03 787548                     /root/.gradle/native/jansi/1.18/linux64/libjansi.so
7f0d73fd0000-7f0d73fd1000 rw-p 00002000 08:03 787548                     /root/.gradle/native/jansi/1.18/linux64/libjansi.so
7f0d73fd1000-7f0d73fdf000 r--p 00000000 08:03 6845667                    /usr/lib/x86_64-linux-gnu/libtinfo.so.6.2
7f0d73fdf000-7f0d73fed000 r-xp 0000e000 08:03 6845667                    /usr/lib/x86_64-linux-gnu/libtinfo.so.6.2
7f0d73fed000-7f0d73ffb000 r--p 0001c000 08:03 6845667                    /usr/lib/x86_64-linux-gnu/libtinfo.so.6.2
7f0d73ffb000-7f0d73fff000 r--p 00029000 08:03 6845667                    /usr/lib/x86_64-linux-gnu/libtinfo.so.6.2
7f0d73fff000-7f0d74000000 rw-p 0002d000 08:03 6845667                    /usr/lib/x86_64-linux-gnu/libtinfo.so.6.2
7f0d74000000-7f0d74030000 rw-p 00000000 00:00 0 
7f0d74030000-7f0d78000000 ---p 00000000 00:00 0 
7f0d78000000-7f0d78021000 rw-p 00000000 00:00 0 
7f0d78021000-7f0d7c000000 ---p 00000000 00:00 0 
7f0d7c000000-7f0d7c274000 rw-p 00000000 00:00 0 
7f0d7c274000-7f0d80000000 ---p 00000000 00:00 0 
7f0d80000000-7f0d803ee000 rw-p 00000000 00:00 0 
7f0d803ee000-7f0d84000000 ---p 00000000 00:00 0 
7f0d84000000-7f0d84021000 rw-p 00000000 00:00 0 
7f0d84021000-7f0d88000000 ---p 00000000 00:00 0 
7f0d88000000-7f0d88021000 rw-p 00000000 00:00 0 
7f0d88021000-7f0d8c000000 ---p 00000000 00:00 0 
7f0d8c000000-7f0d8c021000 rw-p 00000000 00:00 0 
7f0d8c021000-7f0d90000000 ---p 00000000 00:00 0 
7f0d90000000-7f0d90021000 rw-p 00000000 00:00 0 
7f0d90021000-7f0d94000000 ---p 00000000 00:00 0 
7f0d94000000-7f0d94021000 rw-p 00000000 00:00 0 
7f0d94021000-7f0d98000000 ---p 00000000 00:00 0 
7f0d98000000-7f0d98033000 rw-p 00000000 00:00 0 
7f0d98033000-7f0d9c000000 ---p 00000000 00:00 0 
7f0d9c000000-7f0d9c021000 rw-p 00000000 00:00 0 
7f0d9c021000-7f0da0000000 ---p 00000000 00:00 0 
7f0da001f000-7f0da0028000 r--p 00000000 08:03 6845421                    /usr/lib/x86_64-linux-gnu/libncursesw.so.6.2
7f0da0028000-7f0da004f000 r-xp 00009000 08:03 6845421                    /usr/lib/x86_64-linux-gnu/libncursesw.so.6.2
7f0da004f000-7f0da0058000 r--p 00030000 08:03 6845421                    /usr/lib/x86_64-linux-gnu/libncursesw.so.6.2
7f0da0058000-7f0da0059000 r--p 00038000 08:03 6845421                    /usr/lib/x86_64-linux-gnu/libncursesw.so.6.2
7f0da0059000-7f0da005a000 rw-p 00039000 08:03 6845421                    /usr/lib/x86_64-linux-gnu/libncursesw.so.6.2
7f0da0073000-7f0da0077000 r-xp 00000000 08:03 787554                     /root/.gradle/native/49d0259a56938c7f99b2704e745ce422c4f750a7a20b539a32ccef96729676b1/linux-amd64-ncurses6/libnative-platform-curses.so
7f0da0077000-7f0da0276000 ---p 00004000 08:03 787554                     /root/.gradle/native/49d0259a56938c7f99b2704e745ce422c4f750a7a20b539a32ccef96729676b1/linux-amd64-ncurses6/libnative-platform-curses.so
7f0da0276000-7f0da0277000 r--p 00003000 08:03 787554                     /root/.gradle/native/49d0259a56938c7f99b2704e745ce422c4f750a7a20b539a32ccef96729676b1/linux-amd64-ncurses6/libnative-platform-curses.so
7f0da0277000-7f0da0278000 rw-p 00004000 08:03 787554                     /root/.gradle/native/49d0259a56938c7f99b2704e745ce422c4f750a7a20b539a32ccef96729676b1/linux-amd64-ncurses6/libnative-platform-curses.so
7f0da0278000-7f0da029e000 r--p 00000000 08:03 7291502                    /usr/share/locale/pt_BR/LC_MESSAGES/libc.mo
7f0da029e000-7f0da02f0000 r-xp 00000000 08:03 787544                     /root/.gradle/native/12488b8bf47d2d4c9fbf2f6322a914ad602e24e48041cd04a747c6da556b65c4/linux-amd64/libnative-platform-file-events.so
7f0da02f0000-7f0da04ef000 ---p 00052000 08:03 787544                     /root/.gradle/native/12488b8bf47d2d4c9fbf2f6322a914ad602e24e48041cd04a747c6da556b65c4/linux-amd64/libnative-platform-file-events.so
7f0da04ef000-7f0da04f0000 r--p 00051000 08:03 787544                     /root/.gradle/native/12488b8bf47d2d4c9fbf2f6322a914ad602e24e48041cd04a747c6da556b65c4/linux-amd64/libnative-platform-file-events.so
7f0da04f0000-7f0da04f2000 rw-p 00052000 08:03 787544                     /root/.gradle/native/12488b8bf47d2d4c9fbf2f6322a914ad602e24e48041cd04a747c6da556b65c4/linux-amd64/libnative-platform-file-events.so
7f0da04f2000-7f0da04f7000 r-xp 00000000 08:03 787540                     /root/.gradle/native/49d0259a56938c7f99b2704e745ce422c4f750a7a20b539a32ccef96729676b1/linux-amd64/libnative-platform.so
7f0da04f7000-7f0da06f7000 ---p 00005000 08:03 787540                     /root/.gradle/native/49d0259a56938c7f99b2704e745ce422c4f750a7a20b539a32ccef96729676b1/linux-amd64/libnative-platform.so
7f0da06f7000-7f0da06f8000 r--p 00005000 08:03 787540                     /root/.gradle/native/49d0259a56938c7f99b2704e745ce422c4f750a7a20b539a32ccef96729676b1/linux-amd64/libnative-platform.so
7f0da06f8000-7f0da06f9000 rw-p 00006000 08:03 787540                     /root/.gradle/native/49d0259a56938c7f99b2704e745ce422c4f750a7a20b539a32ccef96729676b1/linux-amd64/libnative-platform.so
7f0da06f9000-7f0da06fa000 ---p 00000000 00:00 0 
7f0da06fa000-7f0da082c000 rw-p 00000000 00:00 0 
7f0da082c000-7f0da0830000 ---p 00000000 00:00 0 
7f0da0830000-7f0da092d000 rw-p 00000000 00:00 0 
7f0da092d000-7f0da092e000 ---p 00000000 00:00 0 
7f0da092e000-7f0da0a2f000 rw-p 00000000 00:00 0 
7f0da0a2f000-7f0da0a33000 ---p 00000000 00:00 0 
7f0da0a33000-7f0da0b30000 rw-p 00000000 00:00 0 
7f0da0b30000-7f0da0b34000 ---p 00000000 00:00 0 
7f0da0b34000-7f0da0c31000 rw-p 00000000 00:00 0 
7f0da0c31000-7f0da0c35000 ---p 00000000 00:00 0 
7f0da0c35000-7f0da0d32000 rw-p 00000000 00:00 0 
7f0da0d32000-7f0da0d36000 ---p 00000000 00:00 0 
7f0da0d36000-7f0da0e33000 rw-p 00000000 00:00 0 
7f0da0e33000-7f0da0e37000 ---p 00000000 00:00 0 
7f0da0e37000-7f0da0f34000 rw-p 00000000 00:00 0 
7f0da0f34000-7f0da121c000 r--p 00000000 08:03 6845810                    /usr/lib/locale/locale-archive
7f0da121c000-7f0da1220000 ---p 00000000 00:00 0 
7f0da1220000-7f0da131d000 rw-p 00000000 00:00 0 
7f0da131d000-7f0da1321000 ---p 00000000 00:00 0 
7f0da1321000-7f0da141e000 rw-p 00000000 00:00 0 
7f0da141e000-7f0da141f000 ---p 00000000 00:00 0 
7f0da141f000-7f0da1dfc000 rw-p 00000000 00:00 0 
7f0da1dfc000-7f0da1dfd000 ---p 00000000 00:00 0 
7f0da1dfd000-7f0da1efe000 rw-p 00000000 00:00 0 
7f0da1efe000-7f0da1eff000 ---p 00000000 00:00 0 
7f0da1eff000-7f0da4000000 rw-p 00000000 00:00 0 
7f0da4000000-7f0da4021000 rw-p 00000000 00:00 0 
7f0da4021000-7f0da8000000 ---p 00000000 00:00 0 
7f0da8000000-7f0da8021000 rw-p 00000000 00:00 0 
7f0da8021000-7f0dac000000 ---p 00000000 00:00 0 
7f0dac000000-7f0dac021000 rw-p 00000000 00:00 0 
7f0dac021000-7f0db0000000 ---p 00000000 00:00 0 
7f0db000d000-7f0db000f000 r--p 00000000 08:03 7578991                    /usr/lib/jvm/java-11-openjdk-amd64/lib/libmanagement_ext.so
7f0db000f000-7f0db0012000 r-xp 00002000 08:03 7578991                    /usr/lib/jvm/java-11-openjdk-amd64/lib/libmanagement_ext.so
7f0db0012000-7f0db0013000 r--p 00005000 08:03 7578991                    /usr/lib/jvm/java-11-openjdk-amd64/lib/libmanagement_ext.so
7f0db0013000-7f0db0014000 ---p 00006000 08:03 7578991                    /usr/lib/jvm/java-11-openjdk-amd64/lib/libmanagement_ext.so
7f0db0014000-7f0db0015000 r--p 00006000 08:03 7578991                    /usr/lib/jvm/java-11-openjdk-amd64/lib/libmanagement_ext.so
7f0db0015000-7f0db0016000 rw-p 00007000 08:03 7578991                    /usr/lib/jvm/java-11-openjdk-amd64/lib/libmanagement_ext.so
7f0db0016000-7f0db001a000 r--p 00000000 08:03 7578993                    /usr/lib/jvm/java-11-openjdk-amd64/lib/libnet.so
7f0db001a000-7f0db0029000 r-xp 00004000 08:03 7578993                    /usr/lib/jvm/java-11-openjdk-amd64/lib/libnet.so
7f0db0029000-7f0db002d000 r--p 00013000 08:03 7578993                    /usr/lib/jvm/java-11-openjdk-amd64/lib/libnet.so
7f0db002d000-7f0db002e000 r--p 00016000 08:03 7578993                    /usr/lib/jvm/java-11-openjdk-amd64/lib/libnet.so
7f0db002e000-7f0db002f000 rw-p 00017000 08:03 7578993                    /usr/lib/jvm/java-11-openjdk-amd64/lib/libnet.so
7f0db002f000-7f0db0259000 rw-p 00000000 00:00 0 
7f0db0259000-7f0db025a000 ---p 00000000 00:00 0 
7f0db025a000-7f0db035b000 rw-p 00000000 00:00 0 
7f0db035b000-7f0db035c000 ---p 00000000 00:00 0 
7f0db035c000-7f0db055d000 rw-p 00000000 00:00 0 
7f0db055d000-7f0db085f000 rw-p 00000000 00:00 0 
7f0db085f000-7f0db0acf000 rwxp 00000000 00:00 0 
7f0db0acf000-7f0db0dee000 ---p 00000000 00:00 0 
7f0db0dee000-7f0db108e000 rwxp 00000000 00:00 0 
7f0db108e000-7f0db8326000 ---p 00000000 00:00 0 
7f0db8326000-7f0db8596000 rwxp 00000000 00:00 0 
7f0db8596000-7f0dbf85f000 ---p 00000000 00:00 0 
7f0dbf85f000-7f0dc8000000 r--s 00000000 08:03 7579003                    /usr/lib/jvm/java-11-openjdk-amd64/lib/modules
7f0dc8000000-7f0dc886b000 rw-p 00000000 00:00 0 
7f0dc886b000-7f0dcc000000 ---p 00000000 00:00 0 
7f0dcc001000-7f0dcc002000 r--p 00000000 08:03 7578975                    /usr/lib/jvm/java-11-openjdk-amd64/lib/libextnet.so
7f0dcc002000-7f0dcc003000 r-xp 00001000 08:03 7578975                    /usr/lib/jvm/java-11-openjdk-amd64/lib/libextnet.so
7f0dcc003000-7f0dcc004000 r--p 00002000 08:03 7578975                    /usr/lib/jvm/java-11-openjdk-amd64/lib/libextnet.so
7f0dcc004000-7f0dcc005000 r--p 00002000 08:03 7578975                    /usr/lib/jvm/java-11-openjdk-amd64/lib/libextnet.so
7f0dcc005000-7f0dcc006000 rw-p 00003000 08:03 7578975                    /usr/lib/jvm/java-11-openjdk-amd64/lib/libextnet.so
7f0dcc006000-7f0dcc009000 r--p 00000000 08:03 7578989                    /usr/lib/jvm/java-11-openjdk-amd64/lib/libmanagement.so
7f0dcc009000-7f0dcc00a000 r-xp 00003000 08:03 7578989                    /usr/lib/jvm/java-11-openjdk-amd64/lib/libmanagement.so
7f0dcc00a000-7f0dcc00b000 r--p 00004000 08:03 7578989                    /usr/lib/jvm/java-11-openjdk-amd64/lib/libmanagement.so
7f0dcc00b000-7f0dcc00c000 r--p 00004000 08:03 7578989                    /usr/lib/jvm/java-11-openjdk-amd64/lib/libmanagement.so
7f0dcc00c000-7f0dcc00d000 rw-p 00005000 08:03 7578989                    /usr/lib/jvm/java-11-openjdk-amd64/lib/libmanagement.so
7f0dcc00d000-7f0dcc00e000 r--p 00000000 08:03 6845696                    /usr/lib/x86_64-linux-gnu/libutil-2.31.so
7f0dcc00e000-7f0dcc00f000 r-xp 00001000 08:03 6845696                    /usr/lib/x86_64-linux-gnu/libutil-2.31.so
7f0dcc00f000-7f0dcc010000 r--p 00002000 08:03 6845696                    /usr/lib/x86_64-linux-gnu/libutil-2.31.so
7f0dcc010000-7f0dcc011000 r--p 00002000 08:03 6845696                    /usr/lib/x86_64-linux-gnu/libutil-2.31.so
7f0dcc011000-7f0dcc012000 rw-p 00003000 08:03 6845696                    /usr/lib/x86_64-linux-gnu/libutil-2.31.so
7f0dcc012000-7f0dcc019000 r--p 00000000 08:03 7578994                    /usr/lib/jvm/java-11-openjdk-amd64/lib/libnio.so
7f0dcc019000-7f0dcc020000 r-xp 00007000 08:03 7578994                    /usr/lib/jvm/java-11-openjdk-amd64/lib/libnio.so
7f0dcc020000-7f0dcc023000 r--p 0000e000 08:03 7578994                    /usr/lib/jvm/java-11-openjdk-amd64/lib/libnio.so
7f0dcc023000-7f0dcc024000 r--p 00010000 08:03 7578994                    /usr/lib/jvm/java-11-openjdk-amd64/lib/libnio.so
7f0dcc024000-7f0dcc025000 rw-p 00011000 08:03 7578994                    /usr/lib/jvm/java-11-openjdk-amd64/lib/libnio.so
7f0dcc025000-7f0dcc0c7000 rw-p 00000000 00:00 0 
7f0dcc0c7000-7f0dcc0c8000 ---p 00000000 00:00 0 
7f0dcc0c8000-7f0dcc1ce000 rw-p 00000000 00:00 0 
7f0dcc1ce000-7f0dcc2b4000 ---p 00000000 00:00 0 
7f0dcc2b4000-7f0dcc2ba000 rw-p 00000000 00:00 0 
7f0dcc2ba000-7f0dcc39f000 ---p 00000000 00:00 0 
7f0dcc39f000-7f0dcc3a4000 rw-p 00000000 00:00 0 
7f0dcc3a4000-7f0dcc3ab000 ---p 00000000 00:00 0 
7f0dcc3ab000-7f0dcc3ae000 r--p 00000000 08:03 6845458                    /usr/lib/x86_64-linux-gnu/libnss_files-2.31.so
7f0dcc3ae000-7f0dcc3b5000 r-xp 00003000 08:03 6845458                    /usr/lib/x86_64-linux-gnu/libnss_files-2.31.so
7f0dcc3b5000-7f0dcc3b7000 r--p 0000a000 08:03 6845458                    /usr/lib/x86_64-linux-gnu/libnss_files-2.31.so
7f0dcc3b7000-7f0dcc3b8000 r--p 0000b000 08:03 6845458                    /usr/lib/x86_64-linux-gnu/libnss_files-2.31.so
7f0dcc3b8000-7f0dcc3b9000 rw-p 0000c000 08:03 6845458                    /usr/lib/x86_64-linux-gnu/libnss_files-2.31.so
7f0dcc3b9000-7f0dcc3bf000 rw-p 00000000 00:00 0 
7f0dcc3bf000-7f0dcc3c6000 r--s 00000000 08:03 6883907                    /usr/lib/x86_64-linux-gnu/gconv/gconv-modules.cache
7f0dcc3c6000-7f0dcc3c8000 r--p 00000000 08:03 7579002                    /usr/lib/jvm/java-11-openjdk-amd64/lib/libzip.so
7f0dcc3c8000-7f0dcc3cc000 r-xp 00002000 08:03 7579002                    /usr/lib/jvm/java-11-openjdk-amd64/lib/libzip.so
7f0dcc3cc000-7f0dcc3ce000 r--p 00006000 08:03 7579002                    /usr/lib/jvm/java-11-openjdk-amd64/lib/libzip.so
7f0dcc3ce000-7f0dcc3cf000 r--p 00007000 08:03 7579002                    /usr/lib/jvm/java-11-openjdk-amd64/lib/libzip.so
7f0dcc3cf000-7f0dcc3d0000 rw-p 00008000 08:03 7579002                    /usr/lib/jvm/java-11-openjdk-amd64/lib/libzip.so
7f0dcc3d0000-7f0dcc3d8000 rw-s 00000000 08:03 9552366                    /tmp/hsperfdata_root/4183
7f0dcc3d8000-7f0dcc3da000 r--p 00000000 08:03 7578985                    /usr/lib/jvm/java-11-openjdk-amd64/lib/libjimage.so
7f0dcc3da000-7f0dcc3dd000 r-xp 00002000 08:03 7578985                    /usr/lib/jvm/java-11-openjdk-amd64/lib/libjimage.so
7f0dcc3dd000-7f0dcc3de000 r--p 00005000 08:03 7578985                    /usr/lib/jvm/java-11-openjdk-amd64/lib/libjimage.so
7f0dcc3de000-7f0dcc3df000 ---p 00006000 08:03 7578985                    /usr/lib/jvm/java-11-openjdk-amd64/lib/libjimage.so
7f0dcc3df000-7f0dcc3e0000 r--p 00006000 08:03 7578985                    /usr/lib/jvm/java-11-openjdk-amd64/lib/libjimage.so
7f0dcc3e0000-7f0dcc3e1000 rw-p 00007000 08:03 7578985                    /usr/lib/jvm/java-11-openjdk-amd64/lib/libjimage.so
7f0dcc3e1000-7f0dcc3ef000 r--p 00000000 08:03 7578982                    /usr/lib/jvm/java-11-openjdk-amd64/lib/libjava.so
7f0dcc3ef000-7f0dcc404000 r-xp 0000e000 08:03 7578982                    /usr/lib/jvm/java-11-openjdk-amd64/lib/libjava.so
7f0dcc404000-7f0dcc40b000 r--p 00023000 08:03 7578982                    /usr/lib/jvm/java-11-openjdk-amd64/lib/libjava.so
7f0dcc40b000-7f0dcc40c000 r--p 00029000 08:03 7578982                    /usr/lib/jvm/java-11-openjdk-amd64/lib/libjava.so
7f0dcc40c000-7f0dcc40d000 rw-p 0002a000 08:03 7578982                    /usr/lib/jvm/java-11-openjdk-amd64/lib/libjava.so
7f0dcc40d000-7f0dcc40e000 rw-p 00000000 00:00 0 
7f0dcc40e000-7f0dcc411000 r--p 00000000 08:03 6845583                    /usr/lib/x86_64-linux-gnu/librt-2.31.so
7f0dcc411000-7f0dcc415000 r-xp 00003000 08:03 6845583                    /usr/lib/x86_64-linux-gnu/librt-2.31.so
7f0dcc415000-7f0dcc416000 r--p 00007000 08:03 6845583                    /usr/lib/x86_64-linux-gnu/librt-2.31.so
7f0dcc416000-7f0dcc417000 ---p 00008000 08:03 6845583                    /usr/lib/x86_64-linux-gnu/librt-2.31.so
7f0dcc417000-7f0dcc418000 r--p 00008000 08:03 6845583                    /usr/lib/x86_64-linux-gnu/librt-2.31.so
7f0dcc418000-7f0dcc419000 rw-p 00009000 08:03 6845583                    /usr/lib/x86_64-linux-gnu/librt-2.31.so
7f0dcc419000-7f0dcc41d000 ---p 00000000 00:00 0 
7f0dcc41d000-7f0dcc51a000 rw-p 00000000 00:00 0 
7f0dcc51a000-7f0dcc51d000 r--p 00000000 08:03 6845166                    /usr/lib/x86_64-linux-gnu/libgcc_s.so.1
7f0dcc51d000-7f0dcc52e000 r-xp 00003000 08:03 6845166                    /usr/lib/x86_64-linux-gnu/libgcc_s.so.1
7f0dcc52e000-7f0dcc532000 r--p 00014000 08:03 6845166                    /usr/lib/x86_64-linux-gnu/libgcc_s.so.1
7f0dcc532000-7f0dcc533000 r--p 00017000 08:03 6845166                    /usr/lib/x86_64-linux-gnu/libgcc_s.so.1
7f0dcc533000-7f0dcc534000 rw-p 00018000 08:03 6845166                    /usr/lib/x86_64-linux-gnu/libgcc_s.so.1
7f0dcc534000-7f0dcc543000 r--p 00000000 08:03 6845353                    /usr/lib/x86_64-linux-gnu/libm-2.31.so
7f0dcc543000-7f0dcc5dd000 r-xp 0000f000 08:03 6845353                    /usr/lib/x86_64-linux-gnu/libm-2.31.so
7f0dcc5dd000-7f0dcc676000 r--p 000a9000 08:03 6845353                    /usr/lib/x86_64-linux-gnu/libm-2.31.so
7f0dcc676000-7f0dcc677000 r--p 00141000 08:03 6845353                    /usr/lib/x86_64-linux-gnu/libm-2.31.so
7f0dcc677000-7f0dcc678000 rw-p 00142000 08:03 6845353                    /usr/lib/x86_64-linux-gnu/libm-2.31.so
7f0dcc678000-7f0dcc70e000 r--p 00000000 08:03 6845644                    /usr/lib/x86_64-linux-gnu/libstdc++.so.6.0.28
7f0dcc70e000-7f0dcc7ea000 r-xp 00096000 08:03 6845644                    /usr/lib/x86_64-linux-gnu/libstdc++.so.6.0.28
7f0dcc7ea000-7f0dcc834000 r--p 00172000 08:03 6845644                    /usr/lib/x86_64-linux-gnu/libstdc++.so.6.0.28
7f0dcc834000-7f0dcc83f000 r--p 001bb000 08:03 6845644                    /usr/lib/x86_64-linux-gnu/libstdc++.so.6.0.28
7f0dcc83f000-7f0dcc842000 rw-p 001c6000 08:03 6845644                    /usr/lib/x86_64-linux-gnu/libstdc++.so.6.0.28
7f0dcc842000-7f0dcc845000 rw-p 00000000 00:00 0 
7f0dcc845000-7f0dccac6000 r--p 00000000 08:03 7579008                    /usr/lib/jvm/java-11-openjdk-amd64/lib/server/libjvm.so
7f0dccac6000-7f0dcd72c000 r-xp 00281000 08:03 7579008                    /usr/lib/jvm/java-11-openjdk-amd64/lib/server/libjvm.so
7f0dcd72c000-7f0dcd98a000 r--p 00ee7000 08:03 7579008                    /usr/lib/jvm/java-11-openjdk-amd64/lib/server/libjvm.so
7f0dcd98a000-7f0dcda4e000 r--p 01144000 08:03 7579008                    /usr/lib/jvm/java-11-openjdk-amd64/lib/server/libjvm.so
7f0dcda4e000-7f0dcda89000 rw-p 01208000 08:03 7579008                    /usr/lib/jvm/java-11-openjdk-amd64/lib/server/libjvm.so
7f0dcda89000-7f0dcdae2000 rw-p 00000000 00:00 0 
7f0dcdae2000-7f0dcdae9000 r--p 00000000 08:03 6845550                    /usr/lib/x86_64-linux-gnu/libpthread-2.31.so
7f0dcdae9000-7f0dcdaf9000 r-xp 00007000 08:03 6845550                    /usr/lib/x86_64-linux-gnu/libpthread-2.31.so
7f0dcdaf9000-7f0dcdafe000 r--p 00017000 08:03 6845550                    /usr/lib/x86_64-linux-gnu/libpthread-2.31.so
7f0dcdafe000-7f0dcdaff000 r--p 0001b000 08:03 6845550                    /usr/lib/x86_64-linux-gnu/libpthread-2.31.so
7f0dcdaff000-7f0dcdb00000 rw-p 0001c000 08:03 6845550                    /usr/lib/x86_64-linux-gnu/libpthread-2.31.so
7f0dcdb00000-7f0dcdb04000 rw-p 00000000 00:00 0 
7f0dcdb04000-7f0dcdb05000 r--p 00000000 08:03 6845077                    /usr/lib/x86_64-linux-gnu/libdl-2.31.so
7f0dcdb05000-7f0dcdb07000 r-xp 00001000 08:03 6845077                    /usr/lib/x86_64-linux-gnu/libdl-2.31.so
7f0dcdb07000-7f0dcdb08000 r--p 00003000 08:03 6845077                    /usr/lib/x86_64-linux-gnu/libdl-2.31.so
7f0dcdb08000-7f0dcdb09000 r--p 00003000 08:03 6845077                    /usr/lib/x86_64-linux-gnu/libdl-2.31.so
7f0dcdb09000-7f0dcdb0a000 rw-p 00004000 08:03 6845077                    /usr/lib/x86_64-linux-gnu/libdl-2.31.so
7f0dcdb0a000-7f0dcdb0d000 r--p 00000000 08:03 6845797                    /usr/lib/x86_64-linux-gnu/libz.so.1.2.11
7f0dcdb0d000-7f0dcdb1e000 r-xp 00003000 08:03 6845797                    /usr/lib/x86_64-linux-gnu/libz.so.1.2.11
7f0dcdb1e000-7f0dcdb24000 r--p 00014000 08:03 6845797                    /usr/lib/x86_64-linux-gnu/libz.so.1.2.11
7f0dcdb24000-7f0dcdb25000 ---p 0001a000 08:03 6845797                    /usr/lib/x86_64-linux-gnu/libz.so.1.2.11
7f0dcdb25000-7f0dcdb26000 r--p 0001a000 08:03 6845797                    /usr/lib/x86_64-linux-gnu/libz.so.1.2.11
7f0dcdb26000-7f0dcdb27000 rw-p 0001b000 08:03 6845797                    /usr/lib/x86_64-linux-gnu/libz.so.1.2.11
7f0dcdb27000-7f0dcdb4c000 r--p 00000000 08:03 6845004                    /usr/lib/x86_64-linux-gnu/libc-2.31.so
7f0dcdb4c000-7f0dcdc97000 r-xp 00025000 08:03 6845004                    /usr/lib/x86_64-linux-gnu/libc-2.31.so
7f0dcdc97000-7f0dcdce1000 r--p 00170000 08:03 6845004                    /usr/lib/x86_64-linux-gnu/libc-2.31.so
7f0dcdce1000-7f0dcdce2000 ---p 001ba000 08:03 6845004                    /usr/lib/x86_64-linux-gnu/libc-2.31.so
7f0dcdce2000-7f0dcdce5000 r--p 001ba000 08:03 6845004                    /usr/lib/x86_64-linux-gnu/libc-2.31.so
7f0dcdce5000-7f0dcdce8000 rw-p 001bd000 08:03 6845004                    /usr/lib/x86_64-linux-gnu/libc-2.31.so
7f0dcdce8000-7f0dcdcef000 rw-p 00000000 00:00 0 
7f0dcdcef000-7f0dcdcf1000 r--s 0000c000 08:03 6898379                    /usr/share/java/java-atk-wrapper.jar
7f0dcdcf1000-7f0dcdcf2000 ---p 00000000 00:00 0 
7f0dcdcf2000-7f0dcdcf3000 r--p 00000000 00:00 0 
7f0dcdcf3000-7f0dcdcf8000 r--p 00000000 08:03 7579001                    /usr/lib/jvm/java-11-openjdk-amd64/lib/libverify.so
7f0dcdcf8000-7f0dcdcff000 r-xp 00005000 08:03 7579001                    /usr/lib/jvm/java-11-openjdk-amd64/lib/libverify.so
7f0dcdcff000-7f0dcdd01000 r--p 0000c000 08:03 7579001                    /usr/lib/jvm/java-11-openjdk-amd64/lib/libverify.so
7f0dcdd01000-7f0dcdd02000 ---p 0000e000 08:03 7579001                    /usr/lib/jvm/java-11-openjdk-amd64/lib/libverify.so
7f0dcdd02000-7f0dcdd04000 r--p 0000e000 08:03 7579001                    /usr/lib/jvm/java-11-openjdk-amd64/lib/libverify.so
7f0dcdd04000-7f0dcdd05000 rw-p 00010000 08:03 7579001                    /usr/lib/jvm/java-11-openjdk-amd64/lib/libverify.so
7f0dcdd05000-7f0dcdd08000 r--p 00000000 08:03 7578967                    /usr/lib/jvm/java-11-openjdk-amd64/lib/jli/libjli.so
7f0dcdd08000-7f0dcdd12000 r-xp 00003000 08:03 7578967                    /usr/lib/jvm/java-11-openjdk-amd64/lib/jli/libjli.so
7f0dcdd12000-7f0dcdd15000 r--p 0000d000 08:03 7578967                    /usr/lib/jvm/java-11-openjdk-amd64/lib/jli/libjli.so
7f0dcdd15000-7f0dcdd16000 ---p 00010000 08:03 7578967                    /usr/lib/jvm/java-11-openjdk-amd64/lib/jli/libjli.so
7f0dcdd16000-7f0dcdd17000 r--p 00010000 08:03 7578967                    /usr/lib/jvm/java-11-openjdk-amd64/lib/jli/libjli.so
7f0dcdd17000-7f0dcdd18000 rw-p 00011000 08:03 7578967                    /usr/lib/jvm/java-11-openjdk-amd64/lib/jli/libjli.so
7f0dcdd18000-7f0dcdd1a000 rw-p 00000000 00:00 0 
7f0dcdd1a000-7f0dcdd1b000 r--p 00000000 08:03 6844705                    /usr/lib/x86_64-linux-gnu/ld-2.31.so
7f0dcdd1b000-7f0dcdd3b000 r-xp 00001000 08:03 6844705                    /usr/lib/x86_64-linux-gnu/ld-2.31.so
7f0dcdd3b000-7f0dcdd43000 r--p 00021000 08:03 6844705                    /usr/lib/x86_64-linux-gnu/ld-2.31.so
7f0dcdd44000-7f0dcdd45000 r--p 00029000 08:03 6844705                    /usr/lib/x86_64-linux-gnu/ld-2.31.so
7f0dcdd45000-7f0dcdd46000 rw-p 0002a000 08:03 6844705                    /usr/lib/x86_64-linux-gnu/ld-2.31.so
7f0dcdd46000-7f0dcdd47000 rw-p 00000000 00:00 0 
7ffeceefd000-7ffecef1e000 rw-p 00000000 00:00 0                          [stack]
7ffecef51000-7ffecef55000 r--p 00000000 00:00 0                          [vvar]
7ffecef55000-7ffecef57000 r-xp 00000000 00:00 0                          [vdso]


VM Arguments:
jvm_args: -Xmx64m -Xms64m -Dorg.gradle.appname=gradlew 
java_command: org.gradle.wrapper.GradleWrapperMain app:installDebug -PreactNativeDevServerPort=8081
java_class_path (initial): /home/mouraiv/React/calcimc/android/gradle/wrapper/gradle-wrapper.jar
Launcher Type: SUN_STANDARD

[Global flags]
     intx CICompilerCount                          = 2                                         {product} {ergonomic}
     uint ConcGCThreads                            = 1                                         {product} {ergonomic}
     uint G1ConcRefinementThreads                  = 2                                         {product} {ergonomic}
   size_t G1HeapRegionSize                         = 1048576                                   {product} {ergonomic}
    uintx GCDrainStackTargetSize                   = 64                                        {product} {ergonomic}
   size_t InitialHeapSize                          = 67108864                                  {product} {command line}
   size_t MarkStackSize                            = 4194304                                   {product} {ergonomic}
   size_t MaxHeapSize                              = 67108864                                  {product} {command line}
   size_t MaxNewSize                               = 39845888                                  {product} {ergonomic}
   size_t MinHeapDeltaBytes                        = 1048576                                   {product} {ergonomic}
    uintx NonNMethodCodeHeapSize                   = 5825164                                {pd product} {ergonomic}
    uintx NonProfiledCodeHeapSize                  = 122916538                              {pd product} {ergonomic}
    uintx ProfiledCodeHeapSize                     = 122916538                              {pd product} {ergonomic}
    uintx ReservedCodeCacheSize                    = 251658240                              {pd product} {ergonomic}
     bool SegmentedCodeCache                       = true                                      {product} {ergonomic}
     bool UseCompressedClassPointers               = true                                 {lp64_product} {ergonomic}
     bool UseCompressedOops                        = true                                 {lp64_product} {ergonomic}
     bool UseG1GC                                  = true                                      {product} {ergonomic}

Logging:
Log output configuration:
 #0: stdout all=warning uptime,level,tags
 #1: stderr all=off uptime,level,tags

Environment Variables:
JAVA_HOME=/usr/lib/jvm/java-11-openjdk-amd64
PATH=/home/mouraiv/React/calcimc/android/node_modules/.bin:/home/mouraiv/React/calcimc/node_modules/.bin:/home/mouraiv/React/node_modules/.bin:/home/mouraiv/node_modules/.bin:/home/node_modules/.bin:/node_modules/.bin:/usr/bin:/usr/local/sbin:/usr/local/bin:/usr/sbin:/usr/bin:/sbin:/bin:/root/Android/Sdk/emulator:/root/Android/Sdk/tools:/root/Android/Sdk/tools/bin:/root/Android/Sdk/platform-tools
SHELL=/bin/bash
DISPLAY=:0.0
LANG=pt_BR.UTF-8

Signal Handlers:
SIGSEGV: [libjvm.so+0xe754c0], sa_mask[0]=11111111011111111101111111111110, sa_flags=SA_RESTART|SA_SIGINFO
SIGBUS: [libjvm.so+0xe754c0], sa_mask[0]=11111111011111111101111111111110, sa_flags=SA_RESTART|SA_SIGINFO
SIGFPE: [libjvm.so+0xe754c0], sa_mask[0]=11111111011111111101111111111110, sa_flags=SA_RESTART|SA_SIGINFO
SIGPIPE: [libjvm.so+0xbc4070], sa_mask[0]=11111111011111111101111111111110, sa_flags=SA_RESTART|SA_SIGINFO
SIGXFSZ: [libjvm.so+0xbc4070], sa_mask[0]=11111111011111111101111111111110, sa_flags=SA_RESTART|SA_SIGINFO
SIGILL: [libjvm.so+0xe754c0], sa_mask[0]=11111111011111111101111111111110, sa_flags=SA_RESTART|SA_SIGINFO
SIGUSR2: [libjvm.so+0xbc3f10], sa_mask[0]=00000000000000000000000000000000, sa_flags=SA_RESTART|SA_SIGINFO
SIGHUP: [libjvm.so+0xbc44a0], sa_mask[0]=11111111011111111101111111111110, sa_flags=SA_RESTART|SA_SIGINFO
SIGINT: [libjvm.so+0xbc44a0], sa_mask[0]=11111111011111111101111111111110, sa_flags=SA_RESTART|SA_SIGINFO
SIGTERM: [libjvm.so+0xbc44a0], sa_mask[0]=11111111011111111101111111111110, sa_flags=SA_RESTART|SA_SIGINFO
SIGQUIT: [libjvm.so+0xbc44a0], sa_mask[0]=11111111011111111101111111111110, sa_flags=SA_RESTART|SA_SIGINFO


---------------  S Y S T E M  ---------------

OS:PRETTY_NAME="Debian GNU/Linux 11 (bullseye)"
NAME="Debian GNU/Linux"
VERSION_ID="11"
VERSION="11 (bullseye)"
VERSION_CODENAME=bullseye
ID=debian
HOME_URL="https://www.debian.org/"
SUPPORT_URL="https://www.debian.org/support"
BUG_REPORT_URL="https://bugs.debian.org/"
uname:Linux 5.10.0-8-amd64 #1 SMP Debian 5.10.46-4 (2021-08-03) x86_64
OS uptime: 0 days 0:34 hours
libc:glibc 2.31 NPTL 2.31 
rlimit (soft/hard): STACK 8192k/infinity , CORE 0k/infinity , NPROC 31571/31571 , NOFILE 1048576/1048576 , AS infinity/infinity , CPU infinity/infinity , DATA infinity/infinity , FSIZE infinity/infinity , MEMLOCK 1016382k/1016382k
load average:36,75 22,33 10,28

/proc/meminfo:
MemTotal:        8131056 kB
MemFree:          686528 kB
MemAvailable:    3256184 kB
Buffers:          152428 kB
Cached:          2614392 kB
SwapCached:            0 kB
Active:          1170608 kB
Inactive:        5745332 kB
Active(anon):     403940 kB
Inactive(anon):  3781584 kB
Active(file):     766668 kB
Inactive(file):  1963748 kB
Unevictable:         192 kB
Mlocked:             192 kB
SwapTotal:             0 kB
SwapFree:              0 kB
Dirty:              1380 kB
Writeback:             0 kB
AnonPages:       4128440 kB
Mapped:           918108 kB
Shmem:             36404 kB
KReclaimable:     121056 kB
Slab:             232864 kB
SReclaimable:     121056 kB
SUnreclaim:       111808 kB
KernelStack:       13072 kB
PageTables:        37700 kB
NFS_Unstable:          0 kB
Bounce:                0 kB
WritebackTmp:          0 kB
CommitLimit:     4065528 kB
Committed_AS:   10479240 kB
VmallocTotal:   34359738367 kB
VmallocUsed:       46568 kB
VmallocChunk:          0 kB
Percpu:             1264 kB
HardwareCorrupted:     0 kB
AnonHugePages:   2363392 kB
ShmemHugePages:        0 kB
ShmemPmdMapped:        0 kB
FileHugePages:         0 kB
FilePmdMapped:         0 kB
HugePages_Total:       0
HugePages_Free:        0
HugePages_Rsvd:        0
HugePages_Surp:        0
Hugepagesize:       2048 kB
Hugetlb:               0 kB
DirectMap4k:      437300 kB
DirectMap2M:     7933952 kB

/sys/kernel/mm/transparent_hugepage/enabled:
[always] madvise never
/sys/kernel/mm/transparent_hugepage/defrag (defrag/compaction efforts parameter):
always defer defer+madvise [madvise] never

Process Memory:
Virtual Size: 2610340K (peak: 11419108K)
Resident Set Size: 104304K (peak: 104920K) (anon: 75560K, file: 28744K, shmem: 0K)
Swapped out: 0K
C-Heap outstanding allocations: 9357K

/proc/sys/kernel/threads-max (system-wide limit on the number of threads):
63143
/proc/sys/vm/max_map_count (maximum number of memory map areas a process may have):
65530
/proc/sys/kernel/pid_max (system-wide limit on number of process identifiers):
4194304

Steal ticks since vm start: 0
Steal ticks percentage since vm start:  0,000

CPU:total 2 (initial active 2) (2 cores per cpu, 2 threads per core) family 6 model 42 stepping 7 microcode 0x18, cmov, cx8, fxsr, mmx, sse, sse2, sse3, ssse3, sse4.1, sse4.2, popcnt, avx, clmul, ht, tsc, tscinvbit
CPU Model and flags from /proc/cpuinfo:
model name	: Intel(R) Core(TM) i3-2100 CPU @ 3.10GHz
flags		: fpu vme de pse tsc msr pae mce cx8 apic sep mtrr pge mca cmov pat pse36 clflush dts acpi mmx fxsr sse sse2 ht tm pbe syscall nx rdtscp lm constant_tsc arch_perfmon pebs bts rep_good nopl xtopology nonstop_tsc cpuid aperfmperf pni pclmulqdq dtes64 monitor ds_cpl vmx est tm2 ssse3 cx16 xtpr pdcm pcid sse4_1 sse4_2 popcnt tsc_deadline_timer xsave avx lahf_lm epb pti tpr_shadow vnmi flexpriority ept vpid xsaveopt dtherm arat pln pts
Online cpus:
0-1
Offline cpus:

BIOS frequency limitation:
<Not Available>
Frequency switch latency (ns):
20000
Available cpu frequencies:
<Not Available>
Current governor:
schedutil
Core performance/turbo boost:
<Not Available>

Memory: 4k page, physical 8131056k(686296k free), swap 0k(0k free)

vm_info: OpenJDK 64-Bit Server VM (11.0.12+7-post-Debian-2) for linux-amd64 JRE (11.0.12+7-post-Debian-2), built on Jul 21 2021 07:03:54 by "unknown" with gcc 10.2.1 20210110

END.
